[debug] [2024-06-25T07:13:06.190Z] ----------------------------------------------------------------------
[debug] [2024-06-25T07:13:06.193Z] Command:       C:\Program Files\nodejs\node.exe C:\Users\sreejith.shaji\AppData\Roaming\npm\node_modules\firebase-tools\lib\bin\firebase.js init
[debug] [2024-06-25T07:13:06.193Z] CLI Version:   13.11.4
[debug] [2024-06-25T07:13:06.193Z] Platform:      win32
[debug] [2024-06-25T07:13:06.193Z] Node Version:  v21.2.0
[debug] [2024-06-25T07:13:06.194Z] Time:          Tue Jun 25 2024 12:43:06 GMT+0530 (India Standard Time)
[debug] [2024-06-25T07:13:06.194Z] ----------------------------------------------------------------------
[debug] 
[debug] [2024-06-25T07:13:06.196Z] >>> [apiv2][query] GET https://firebase-public.firebaseio.com/cli.json [none]
[debug] [2024-06-25T07:13:06.344Z] > command requires scopes: ["email","openid","https://www.googleapis.com/auth/cloudplatformprojects.readonly","https://www.googleapis.com/auth/firebase","https://www.googleapis.com/auth/cloud-platform"]
[debug] [2024-06-25T07:13:06.344Z] > authorizing via signed-in user (braincornor007@gmail.com)
[info] 
     ######## #### ########  ######## ########     ###     ######  ########
     ##        ##  ##     ## ##       ##     ##  ##   ##  ##       ##
     ######    ##  ########  ######   ########  #########  ######  ######
     ##        ##  ##    ##  ##       ##     ## ##     ##       ## ##
     ##       #### ##     ## ######## ########  ##     ##  ######  ########

You're about to initialize a Firebase project in this directory:

  C:\Users\sreejith.shaji\Pictures\TS\Firebase

Before we get started, keep in mind:

  * You are initializing within an existing Firebase project directory

[debug] [2024-06-25T07:13:06.855Z] *** [apiv2] error from fetch(https://firebase-public.firebaseio.com/cli.json, {"headers":{},"method":"GET"}): FetchError: request to https://firebase-public.firebaseio.com/cli.json failed, reason: self-signed certificate in certificate chain
[warn] !  Unable to fetch the CLI MOTD and remote config. This is not a fatal error, but may indicate an issue with your network connection. 
[debug] [2024-06-25T07:13:06.856Z] Failed to fetch MOTD FirebaseError: Failed to make request to https://firebase-public.firebaseio.com/cli.json
[debug] [2024-06-25T07:13:35.113Z] ----------------------------------------------------------------------
[debug] [2024-06-25T07:13:35.115Z] Command:       C:\Program Files\nodejs\node.exe C:\Users\sreejith.shaji\AppData\Roaming\npm\node_modules\firebase-tools\lib\bin\firebase.js init
[debug] [2024-06-25T07:13:35.116Z] CLI Version:   13.11.4
[debug] [2024-06-25T07:13:35.116Z] Platform:      win32
[debug] [2024-06-25T07:13:35.116Z] Node Version:  v21.2.0
[debug] [2024-06-25T07:13:35.116Z] Time:          Tue Jun 25 2024 12:43:35 GMT+0530 (India Standard Time)
[debug] [2024-06-25T07:13:35.117Z] ----------------------------------------------------------------------
[debug] 
[debug] [2024-06-25T07:13:35.119Z] >>> [apiv2][query] GET https://firebase-public.firebaseio.com/cli.json [none]
[debug] [2024-06-25T07:13:35.224Z] > command requires scopes: ["email","openid","https://www.googleapis.com/auth/cloudplatformprojects.readonly","https://www.googleapis.com/auth/firebase","https://www.googleapis.com/auth/cloud-platform"]
[debug] [2024-06-25T07:13:35.225Z] > authorizing via signed-in user (braincornor007@gmail.com)
[info] 
     ######## #### ########  ######## ########     ###     ######  ########
     ##        ##  ##     ## ##       ##     ##  ##   ##  ##       ##
     ######    ##  ########  ######   ########  #########  ######  ######
     ##        ##  ##    ##  ##       ##     ## ##     ##       ## ##
     ##       #### ##     ## ######## ########  ##     ##  ######  ########

You're about to initialize a Firebase project in this directory:

  C:\Users\sreejith.shaji\Pictures\TS\Firebase

Before we get started, keep in mind:

  * You are initializing within an existing Firebase project directory

[debug] [2024-06-25T07:13:35.685Z] *** [apiv2] error from fetch(https://firebase-public.firebaseio.com/cli.json, {"headers":{},"method":"GET"}): FetchError: request to https://firebase-public.firebaseio.com/cli.json failed, reason: self-signed certificate in certificate chain
[warn] !  Unable to fetch the CLI MOTD and remote config. This is not a fatal error, but may indicate an issue with your network connection. 
[debug] [2024-06-25T07:13:35.687Z] Failed to fetch MOTD FirebaseError: Failed to make request to https://firebase-public.firebaseio.com/cli.json
[info] 
=== Project Setup
[info] 
[info] First, let's associate this project directory with a Firebase project.
[info] You can create multiple project aliases by running firebase use --add, 
[info] but for now we'll just set up a default project.
[info] 
[debug] [2024-06-25T07:13:52.849Z] >>> [apiv2][query] GET https://firebase.googleapis.com/v1beta1/projects pageSize=100
[debug] [2024-06-25T07:13:53.130Z] *** [apiv2] error from fetch(https://firebase.googleapis.com/v1beta1/projects?pageSize=100, {"headers":{},"method":"GET","signal":{}}): FetchError: request to https://firebase.googleapis.com/v1beta1/projects?pageSize=100 failed, reason: self-signed certificate in certificate chain
[debug] [2024-06-25T07:13:53.130Z] Failed to make request to https://firebase.googleapis.com/v1beta1/projects?pageSize=100
[debug] [2024-06-25T07:13:53.674Z] FirebaseError: Failed to make request to https://firebase.googleapis.com/v1beta1/projects?pageSize=100
    at RetryOperation._fn (C:\Users\sreejith.shaji\AppData\Roaming\npm\node_modules\firebase-tools\lib\apiv2.js:259:31)
    at process.processTicksAndRejections (node:internal/process/task_queues:95:5)
[error] 
[error] Error: Failed to list Firebase projects. See firebase-debug.log for more info.
[debug] [2024-06-25T07:18:01.023Z] ----------------------------------------------------------------------
[debug] [2024-06-25T07:18:01.025Z] Command:       C:\Program Files\nodejs\node.exe C:\Users\sreejith.shaji\AppData\Roaming\npm\node_modules\firebase-tools\lib\bin\firebase.js init
[debug] [2024-06-25T07:18:01.026Z] CLI Version:   13.11.4
[debug] [2024-06-25T07:18:01.026Z] Platform:      win32
[debug] [2024-06-25T07:18:01.026Z] Node Version:  v21.2.0
[debug] [2024-06-25T07:18:01.026Z] Time:          Tue Jun 25 2024 12:48:01 GMT+0530 (India Standard Time)
[debug] [2024-06-25T07:18:01.027Z] ----------------------------------------------------------------------
[debug] 
[debug] [2024-06-25T07:18:01.029Z] >>> [apiv2][query] GET https://firebase-public.firebaseio.com/cli.json [none]
[debug] [2024-06-25T07:18:01.202Z] > command requires scopes: ["email","openid","https://www.googleapis.com/auth/cloudplatformprojects.readonly","https://www.googleapis.com/auth/firebase","https://www.googleapis.com/auth/cloud-platform"]
[debug] [2024-06-25T07:18:01.203Z] > authorizing via signed-in user (braincornor007@gmail.com)
[info] 
     ######## #### ########  ######## ########     ###     ######  ########
     ##        ##  ##     ## ##       ##     ##  ##   ##  ##       ##
     ######    ##  ########  ######   ########  #########  ######  ######
     ##        ##  ##    ##  ##       ##     ## ##     ##       ## ##
     ##       #### ##     ## ######## ########  ##     ##  ######  ########

You're about to initialize a Firebase project in this directory:

  C:\Users\sreejith.shaji\Pictures\TS\Firebase

Before we get started, keep in mind:

  * You are initializing within an existing Firebase project directory

[debug] [2024-06-25T07:18:01.553Z] *** [apiv2] error from fetch(https://firebase-public.firebaseio.com/cli.json, {"headers":{},"method":"GET"}): FetchError: request to https://firebase-public.firebaseio.com/cli.json failed, reason: self-signed certificate in certificate chain
[warn] !  Unable to fetch the CLI MOTD and remote config. This is not a fatal error, but may indicate an issue with your network connection. 
[debug] [2024-06-25T07:18:01.565Z] Failed to fetch MOTD FirebaseError: Failed to make request to https://firebase-public.firebaseio.com/cli.json
[info] 
=== Project Setup
[info] 
[info] First, let's associate this project directory with a Firebase project.
[info] You can create multiple project aliases by running firebase use --add, 
[info] but for now we'll just set up a default project.
[info] 
[debug] [2024-06-25T07:18:12.159Z] >>> [apiv2][query] GET https://firebase.googleapis.com/v1beta1/projects pageSize=100
[debug] [2024-06-25T07:18:12.293Z] *** [apiv2] error from fetch(https://firebase.googleapis.com/v1beta1/projects?pageSize=100, {"headers":{},"method":"GET","signal":{}}): FetchError: request to https://firebase.googleapis.com/v1beta1/projects?pageSize=100 failed, reason: self-signed certificate in certificate chain
[debug] [2024-06-25T07:18:12.293Z] Failed to make request to https://firebase.googleapis.com/v1beta1/projects?pageSize=100
[debug] [2024-06-25T07:18:12.413Z] FirebaseError: Failed to make request to https://firebase.googleapis.com/v1beta1/projects?pageSize=100
    at RetryOperation._fn (C:\Users\sreejith.shaji\AppData\Roaming\npm\node_modules\firebase-tools\lib\apiv2.js:259:31)
    at process.processTicksAndRejections (node:internal/process/task_queues:95:5)
[error] 
[error] Error: Failed to list Firebase projects. See firebase-debug.log for more info.
[info] 
=== Project Setup
[info] 
[info] First, let's associate this project directory with a Firebase project.
[info] You can create multiple project aliases by running firebase use --add, 
[info] but for now we'll just set up a default project.
[info] 
[debug] [2024-06-25T07:27:23.617Z] >>> [apiv2][query] GET https://firebase.googleapis.com/v1beta1/projects pageSize=100
[debug] [2024-06-25T07:27:23.790Z] *** [apiv2] error from fetch(https://firebase.googleapis.com/v1beta1/projects?pageSize=100, {"headers":{},"method":"GET","signal":{}}): FetchError: request to https://firebase.googleapis.com/v1beta1/projects?pageSize=100 failed, reason: self-signed certificate in certificate chain
[debug] [2024-06-25T07:27:23.791Z] Failed to make request to https://firebase.googleapis.com/v1beta1/projects?pageSize=100
[debug] [2024-06-25T07:27:23.909Z] FirebaseError: Failed to make request to https://firebase.googleapis.com/v1beta1/projects?pageSize=100
    at RetryOperation._fn (C:\Users\sreejith.shaji\AppData\Roaming\npm\node_modules\firebase-tools\lib\apiv2.js:259:31)
    at process.processTicksAndRejections (node:internal/process/task_queues:95:5)
[error] 
[error] Error: Failed to list Firebase projects. See firebase-debug.log for more info.
